#-----------------------------------------------------------
# Vivado v2020.1 (64-bit)
# SW Build 2902540 on Wed May 27 19:54:49 MDT 2020
# IP Build 2902112 on Wed May 27 22:43:36 MDT 2020
# Start of session at: Fri Jan 21 17:34:11 2022
# Process ID: 15364
# Current directory: C:/Users/AEA/Desktop/Darsi/term7/FPGA/HWs/HW4/ex/sqrt
# Command line: vivado.exe -gui_launcher_event rodinguilauncherevent16440 C:\Users\AEA\Desktop\Darsi\term7\FPGA\HWs\HW4\ex\sqrt\sqrt.xpr
# Log file: C:/Users/AEA/Desktop/Darsi/term7/FPGA/HWs/HW4/ex/sqrt/vivado.log
# Journal file: C:/Users/AEA/Desktop/Darsi/term7/FPGA/HWs/HW4/ex/sqrt\vivado.jou
#-----------------------------------------------------------
start_gui
open_project C:/Users/AEA/Desktop/Darsi/term7/FPGA/HWs/HW4/ex/sqrt/sqrt.xpr
INFO: [Project 1-313] Project file moved from 'C:/Users/AEA/Desktop/Darsi/term7/FPGA/HWs/HW4/extracted/sqrt' since last save.
Scanning sources...
Finished scanning sources
INFO: [IP_Flow 19-234] Refreshing IP repositories
INFO: [IP_Flow 19-1704] No user IP repositories specified
INFO: [IP_Flow 19-2313] Loaded Vivado IP repository 'E:/Xilinx/Vivado/2020.1/data/ip'.
open_project: Time (s): cpu = 00:00:20 ; elapsed = 00:00:08 . Memory (MB): peak = 1113.543 ; gain = 0.000
update_compile_order -fileset sources_1
exit
INFO: [Common 17-206] Exiting Vivado at Fri Jan 21 17:34:43 2022...
